<?xml version="1.0" encoding="UTF-8"?>
<!-- Generated by org.testng.reporters.JUnitReportReporter -->
<testsuite hostname="DESKTOP-MHSBUN6" failures="0" tests="1" name="basejuery.juery_base" time="3.906" errors="0" timestamp="2023-12-05T12:25:16 IST" skipped="0">
  <testcase classname="basejuery.juery_base" name="base" time="3.906"/>
  <system-out/>
</testsuite> <!-- basejuery.juery_base -->
