<?xml version="1.0" encoding="UTF-8"?>
<!-- Generated by org.testng.reporters.JUnitReportReporter -->
<testsuite hostname="DESKTOP-MHSBUN6" failures="0" tests="1" name="testpakeage.testcase" time="106.615" errors="0" timestamp="2023-12-05T11:43:16 IST" skipped="0">
  <testcase classname="testpakeage.testcase" name="testca" time="106.615"/>
  <system-out/>
</testsuite> <!-- testpakeage.testcase -->
