<?xml version="1.0" encoding="UTF-8"?>
<!-- Generated by org.testng.reporters.JUnitReportReporter -->
<testsuite hostname="DESKTOP-MHSBUN6" failures="0" tests="1" name="testpakeage.code" time="104.920" errors="0" timestamp="2023-12-05T11:17:10 IST" skipped="0">
  <testcase classname="testpakeage.code" name="testca" time="104.920"/>
  <system-out/>
</testsuite> <!-- testpakeage.code -->
