<?xml version="1.0" encoding="UTF-8"?>
<!-- Generated by org.testng.reporters.JUnitReportReporter -->
<testsuite hostname="DESKTOP-MHSBUN6" failures="0" tests="1" name="baseprac.base" time="3.821" errors="0" timestamp="2023-12-01T17:46:29 IST" skipped="0">
  <testcase classname="baseprac.base" name="basepractice" time="3.821"/>
  <system-out/>
</testsuite> <!-- baseprac.base -->
