<?xml version="1.0" encoding="UTF-8"?>
<!-- Generated by org.testng.reporters.JUnitReportReporter -->
<testsuite hostname="DESKTOP-MHSBUN6" failures="0" tests="1" name="basepak.baseclass" time="6.323" errors="0" timestamp="2023-11-04T10:54:20 IST" skipped="0">
  <testcase classname="basepak.baseclass" name="BaseMethod" time="6.323"/>
  <system-out/>
</testsuite> <!-- basepak.baseclass -->
